<?xml version="1.0" encoding="UTF-8"?>
<testsuite name="org.woa.controller.AffirmationControllerIntegrationTest" tests="2" skipped="0" failures="2" errors="0" timestamp="2025-05-18T17:34:25.433Z" hostname="r2d2" time="0.117">
  <properties/>
  <testcase name="should create a new affirmation" classname="org.woa.controller.AffirmationControllerIntegrationTest" time="0.113">
    <failure message="java.lang.NullPointerException: Cannot invoke method writeValueAsString() on null object" type="java.lang.NullPointerException">java.lang.NullPointerException: Cannot invoke method writeValueAsString() on null object
	at org.woa.controller.AffirmationControllerIntegrationTest.should create a new affirmation(AffirmationControllerIntegrationTest.groovy:65)
</failure>
  </testcase>
  <testcase name="should return all affirmations" classname="org.woa.controller.AffirmationControllerIntegrationTest" time="0.003">
    <failure message="java.lang.NullPointerException: Cannot invoke method perform() on null object" type="java.lang.NullPointerException">java.lang.NullPointerException: Cannot invoke method perform() on null object
	at org.woa.controller.AffirmationControllerIntegrationTest.should return all affirmations(AffirmationControllerIntegrationTest.groovy:45)
</failure>
  </testcase>
  <system-out><![CDATA[]]></system-out>
  <system-err><![CDATA[]]></system-err>
</testsuite>
